<?xml version="1.0" encoding="UTF-8"?>
<!-- Generated by org.testng.reporters.JUnitReportReporter -->
<testsuite hostname="DESKTOP-8FDDQ2M" failures="0" tests="3" name="TestNG.Using_Dependsonmethod_Flag" time="0.017" errors="0" timestamp="2025-02-20T09:34:38 IST" skipped="0">
  <testcase classname="TestNG.Using_Dependsonmethod_Flag" name="register" time="0.012">
    <system-out>
      <![CDATA[register]]>
    </system-out>
  </testcase> <!-- register -->
  <testcase classname="TestNG.Using_Dependsonmethod_Flag" name="login" time="0.001">
    <system-out>
      <![CDATA[login]]>
    </system-out>
  </testcase> <!-- login -->
  <testcase classname="TestNG.Using_Dependsonmethod_Flag" name="create" time="0.004">
    <system-out>
      <![CDATA[create]]>
    </system-out>
  </testcase> <!-- create -->
  <system-out>
    <![CDATA[register
login
create
Test Started mango
Test Started apple
Test Started pineapple
Test Started apple
Test Started mango
Test Started mango
Test Started apple
Test Started pineapple
Test Started pineapple
Test Started pineapple
demo
demo
demo]]>
  </system-out>
</testsuite> <!-- TestNG.Using_Dependsonmethod_Flag -->
