<?xml version="1.0" encoding="UTF-8"?>
<!-- Generated by org.testng.reporters.JUnitReportReporter -->
<testsuite hostname="DESKTOP-8FDDQ2M" failures="0" tests="1" name="TestNG.SwigySenario" time="11.758" errors="0" timestamp="2025-02-20T11:16:11 IST" skipped="0">
  <testcase classname="TestNG.SwigySenario" name="swigy" time="11.758"/>
</testsuite> <!-- TestNG.SwigySenario -->
