<?xml version="1.0" encoding="UTF-8"?>
<!-- Generated by org.testng.reporters.JUnitReportReporter -->
<testsuite hostname="DESKTOP-8FDDQ2M" failures="0" tests="2" name="TestNG.GroupExecution" time="0.014" errors="0" timestamp="2025-02-20T10:00:17 IST" skipped="0">
  <testcase classname="TestNG.GroupExecution" name="java" time="0.012">
    <system-out>
      <![CDATA[java]]>
    </system-out>
  </testcase> <!-- java -->
  <testcase classname="TestNG.GroupExecution" name="manual" time="0.002">
    <system-out>
      <![CDATA[manual]]>
    </system-out>
  </testcase> <!-- manual -->
  <system-out>
    <![CDATA[java
manual]]>
  </system-out>
</testsuite> <!-- TestNG.GroupExecution -->
