<?xml version="1.0" encoding="UTF-8"?>
<!-- Generated by org.testng.reporters.JUnitReportReporter -->
<testsuite hostname="DESKTOP-8FDDQ2M" failures="0" tests="5" name="TestNG.Using_InvocationCount_Flag" time="0.017" errors="0" timestamp="2025-02-20T09:34:38 IST" skipped="0">
  <testcase classname="TestNG.Using_InvocationCount_Flag" name="mango" time="0.004">
    <system-out>
      <![CDATA[Test Started mango]]>
    </system-out>
  </testcase> <!-- mango -->
  <testcase classname="TestNG.Using_InvocationCount_Flag" name="apple" time="0.005">
    <system-out>
      <![CDATA[Test Started apple]]>
    </system-out>
  </testcase> <!-- apple -->
  <testcase classname="TestNG.Using_InvocationCount_Flag" name="pineapple" time="0.004">
    <system-out>
      <![CDATA[Test Started pineapple]]>
    </system-out>
  </testcase> <!-- pineapple -->
  <testcase classname="TestNG.Using_InvocationCount_Flag" name="pineapple" time="0.001">
    <system-out>
      <![CDATA[Test Started pineapple]]>
    </system-out>
  </testcase> <!-- pineapple -->
  <testcase classname="TestNG.Using_InvocationCount_Flag" name="pineapple" time="0.003">
    <system-out>
      <![CDATA[Test Started pineapple]]>
    </system-out>
  </testcase> <!-- pineapple -->
  <system-out>
    <![CDATA[register
login
create
Test Started mango
Test Started apple
Test Started pineapple
Test Started apple
Test Started mango
Test Started mango
Test Started apple
Test Started pineapple
Test Started pineapple
Test Started pineapple
demo
demo
demo]]>
  </system-out>
</testsuite> <!-- TestNG.Using_InvocationCount_Flag -->
